2026-03-24 04:05:25,445 - FilesystemWatcher - INFO - Starting FilesystemWatcher
2026-03-24 04:05:25,445 - FilesystemWatcher - INFO - Vault path: E:\GIAIC\Quarter-04\ai_employee_fte_Hackathon_0\AI_Employee_Vault
2026-03-24 04:05:25,445 - FilesystemWatcher - INFO - Check interval: 2s
2026-03-24 04:05:25,448 - FilesystemWatcher - INFO - Found 1 new item(s)
2026-03-24 04:05:25,451 - FilesystemWatcher - ERROR - Error creating action file: 'charmap' codec can't encode character '\U0001f4c4' in position 255: character maps to <undefined>
2026-03-24 04:05:27,453 - FilesystemWatcher - INFO - Found 1 new item(s)
2026-03-24 04:05:27,453 - FilesystemWatcher - ERROR - Error creating action file: 'charmap' codec can't encode character '\U0001f4c4' in position 255: character maps to <undefined>
2026-03-24 04:05:29,466 - FilesystemWatcher - INFO - Found 1 new item(s)
2026-03-24 04:05:29,466 - FilesystemWatcher - ERROR - Error creating action file: 'charmap' codec can't encode character '\U0001f4c4' in position 255: character maps to <undefined>
2026-03-24 04:05:31,469 - FilesystemWatcher - INFO - Found 1 new item(s)
2026-03-24 04:05:31,472 - FilesystemWatcher - ERROR - Error creating action file: 'charmap' codec can't encode character '\U0001f4c4' in position 255: character maps to <undefined>
2026-03-24 04:10:26,303 - FilesystemWatcher - INFO - Starting FilesystemWatcher
2026-03-24 04:10:26,318 - FilesystemWatcher - INFO - Vault path: E:\GIAIC\Quarter-04\ai_employee_fte_Hackathon_0\AI_Employee_Vault
2026-03-24 04:10:26,318 - FilesystemWatcher - INFO - Check interval: 2s
2026-03-24 04:10:26,318 - FilesystemWatcher - INFO - Found 1 new item(s)
2026-03-24 04:10:26,318 - FilesystemWatcher - INFO - Created action file for: invoice_test.txt
2026-03-24 04:10:26,318 - FilesystemWatcher - INFO - Created action file: FILE_invoice_test_20260324_041026.md
2026-03-24 04:26:53,663 - FilesystemWatcher - INFO - Starting FilesystemWatcher
2026-03-24 04:26:53,664 - FilesystemWatcher - INFO - Vault path: ..\AI_Employee_Vault
2026-03-24 04:26:53,664 - FilesystemWatcher - INFO - Check interval: 30s
2026-03-24 04:26:53,665 - FilesystemWatcher - INFO - Found 1 new item(s)
2026-03-24 04:26:53,667 - FilesystemWatcher - INFO - Created action file for: invoice_test.txt
2026-03-24 04:26:53,667 - FilesystemWatcher - INFO - Created action file: FILE_invoice_test_20260324_042653.md
2026-03-24 04:35:23,698 - FilesystemWatcher - INFO - Found 1 new item(s)
2026-03-24 04:35:23,706 - FilesystemWatcher - INFO - Created action file for: greeting.txt
2026-03-24 04:35:23,707 - FilesystemWatcher - INFO - Created action file: FILE_greeting_20260324_043523.md
2026-03-24 04:37:45,174 - FilesystemWatcher - INFO - FilesystemWatcher stopped by user
